0 info it worked if it ends with ok
1 verbose cli [ '/usr/bin/node', '/usr/bin/npm', 'install', '-g', 'uglify-js' ]
2 info using npm@1.4.28
3 info using node@v0.10.37
4 verbose node symlink /usr/bin/node
5 verbose cache add [ 'uglify-js', null ]
6 verbose cache add name=undefined spec="uglify-js" args=["uglify-js",null]
7 verbose parsed url { protocol: null,
7 verbose parsed url   slashes: null,
7 verbose parsed url   auth: null,
7 verbose parsed url   host: null,
7 verbose parsed url   port: null,
7 verbose parsed url   hostname: null,
7 verbose parsed url   hash: null,
7 verbose parsed url   search: null,
7 verbose parsed url   query: null,
7 verbose parsed url   pathname: 'uglify-js',
7 verbose parsed url   path: 'uglify-js',
7 verbose parsed url   href: 'uglify-js' }
8 silly lockFile d31cae06-uglify-js uglify-js
9 verbose lock uglify-js /home/raultr-hp/.npm/d31cae06-uglify-js.lock
10 silly lockFile d31cae06-uglify-js uglify-js
11 silly lockFile d31cae06-uglify-js uglify-js
12 verbose addNamed [ 'uglify-js', '' ]
13 verbose addNamed [ null, '*' ]
14 silly lockFile 679a1028-uglify-js uglify-js@
15 verbose lock uglify-js@ /home/raultr-hp/.npm/679a1028-uglify-js.lock
16 silly addNameRange { name: 'uglify-js', range: '*', hasData: false }
17 verbose request where is /uglify-js
18 verbose request registry https://registry.npmjs.org/
19 verbose request id b89493cb12f4a9a6
20 verbose url raw /uglify-js
21 verbose url resolving [ 'https://registry.npmjs.org/', './uglify-js' ]
22 verbose url resolved https://registry.npmjs.org/uglify-js
23 verbose request where is https://registry.npmjs.org/uglify-js
24 info trying registry request attempt 1 at 23:16:03
25 verbose etag "6EDETC7V1JYUWPL1LMYMS0K54"
26 http GET https://registry.npmjs.org/uglify-js
27 http 304 https://registry.npmjs.org/uglify-js
28 silly registry.get cb [ 304,
28 silly registry.get   { date: 'Thu, 09 Jul 2015 04:16:04 GMT',
28 silly registry.get     via: '1.1 varnish',
28 silly registry.get     'cache-control': 'max-age=60',
28 silly registry.get     etag: '"6EDETC7V1JYUWPL1LMYMS0K54"',
28 silly registry.get     age: '56',
28 silly registry.get     connection: 'keep-alive',
28 silly registry.get     'x-served-by': 'cache-dfw1821-DFW',
28 silly registry.get     'x-cache': 'HIT',
28 silly registry.get     'x-cache-hits': '3',
28 silly registry.get     'x-timer': 'S1436415364.754671,VS0,VE0',
28 silly registry.get     vary: 'Accept' } ]
29 verbose etag https://registry.npmjs.org/uglify-js from cache
30 silly addNameRange number 2 { name: 'uglify-js', range: '*', hasData: true }
31 silly addNameRange versions [ 'uglify-js',
31 silly addNameRange   [ '0.0.1',
31 silly addNameRange     '0.0.2',
31 silly addNameRange     '0.0.3',
31 silly addNameRange     '0.0.4',
31 silly addNameRange     '0.0.5',
31 silly addNameRange     '1.0.1',
31 silly addNameRange     '1.0.2',
31 silly addNameRange     '1.0.3',
31 silly addNameRange     '1.0.4',
31 silly addNameRange     '1.0.5',
31 silly addNameRange     '1.0.6',
31 silly addNameRange     '1.0.7',
31 silly addNameRange     '1.1.0',
31 silly addNameRange     '1.1.1',
31 silly addNameRange     '1.2.0',
31 silly addNameRange     '1.2.1',
31 silly addNameRange     '1.2.2',
31 silly addNameRange     '1.2.3',
31 silly addNameRange     '1.2.4',
31 silly addNameRange     '1.2.5',
31 silly addNameRange     '1.2.6',
31 silly addNameRange     '1.3.0',
31 silly addNameRange     '1.3.1',
31 silly addNameRange     '1.3.2',
31 silly addNameRange     '1.3.3',
31 silly addNameRange     '1.3.4',
31 silly addNameRange     '2.2.0',
31 silly addNameRange     '2.2.1',
31 silly addNameRange     '2.2.2',
31 silly addNameRange     '2.2.3',
31 silly addNameRange     '2.2.4',
31 silly addNameRange     '2.2.5',
31 silly addNameRange     '2.3.0',
31 silly addNameRange     '2.3.1',
31 silly addNameRange     '2.3.2',
31 silly addNameRange     '2.3.3',
31 silly addNameRange     '2.3.4',
31 silly addNameRange     '2.3.5',
31 silly addNameRange     '2.3.6',
31 silly addNameRange     '1.3.5',
31 silly addNameRange     '2.4.0',
31 silly addNameRange     '2.4.1',
31 silly addNameRange     '2.4.2',
31 silly addNameRange     '2.4.3',
31 silly addNameRange     '2.4.4',
31 silly addNameRange     '2.4.5',
31 silly addNameRange     '2.4.6',
31 silly addNameRange     '2.4.7',
31 silly addNameRange     '2.4.8',
31 silly addNameRange     '2.4.9',
31 silly addNameRange     '2.4.10',
31 silly addNameRange     '2.4.11',
31 silly addNameRange     '2.4.12',
31 silly addNameRange     '2.4.13',
31 silly addNameRange     '2.4.14',
31 silly addNameRange     '2.4.15',
31 silly addNameRange     '2.4.16',
31 silly addNameRange     '2.4.17',
31 silly addNameRange     '2.4.18',
31 silly addNameRange     '2.4.19',
31 silly addNameRange     '2.4.20',
31 silly addNameRange     '2.4.21',
31 silly addNameRange     '2.4.22',
31 silly addNameRange     '2.4.23' ] ]
32 verbose addNamed [ 'uglify-js', '2.4.23' ]
33 verbose addNamed [ '2.4.23', '2.4.23' ]
34 silly lockFile 5f3b4194-uglify-js-2-4-23 uglify-js@2.4.23
35 verbose lock uglify-js@2.4.23 /home/raultr-hp/.npm/5f3b4194-uglify-js-2-4-23.lock
36 silly lockFile d76ead7d-g-uglify-js-uglify-js-2-4-23-tgz https://registry.npmjs.org/uglify-js/-/uglify-js-2.4.23.tgz
37 verbose lock https://registry.npmjs.org/uglify-js/-/uglify-js-2.4.23.tgz /home/raultr-hp/.npm/d76ead7d-g-uglify-js-uglify-js-2-4-23-tgz.lock
38 verbose addRemoteTarball [ 'https://registry.npmjs.org/uglify-js/-/uglify-js-2.4.23.tgz',
38 verbose addRemoteTarball   'be05aa6b22f1a83b21b2a49ce60fb5dffda00515' ]
39 info retry fetch attempt 1 at 23:16:04
40 verbose fetch to= /tmp/npm-4830-_si3t_zp/registry.npmjs.org/uglify-js/-/uglify-js-2.4.23.tgz
41 http GET https://registry.npmjs.org/uglify-js/-/uglify-js-2.4.23.tgz
42 http 200 https://registry.npmjs.org/uglify-js/-/uglify-js-2.4.23.tgz
43 silly lockFile d76ead7d-g-uglify-js-uglify-js-2-4-23-tgz https://registry.npmjs.org/uglify-js/-/uglify-js-2.4.23.tgz
44 silly lockFile d76ead7d-g-uglify-js-uglify-js-2-4-23-tgz https://registry.npmjs.org/uglify-js/-/uglify-js-2.4.23.tgz
45 silly lockFile 5f3b4194-uglify-js-2-4-23 uglify-js@2.4.23
46 silly lockFile 5f3b4194-uglify-js-2-4-23 uglify-js@2.4.23
47 silly lockFile 679a1028-uglify-js uglify-js@
48 silly lockFile 679a1028-uglify-js uglify-js@
49 error Error: EACCES, mkdir '/home/raultr-hp/.npm/uglify-js/2.4.23'
49 error  { [Error: EACCES, mkdir '/home/raultr-hp/.npm/uglify-js/2.4.23']
49 error   errno: 3,
49 error   code: 'EACCES',
49 error   path: '/home/raultr-hp/.npm/uglify-js/2.4.23' }
50 error Please try running this command again as root/Administrator.
51 error System Linux 3.13.0-53-generic
52 error command "/usr/bin/node" "/usr/bin/npm" "install" "-g" "uglify-js"
53 error cwd /home/raultr-hp/proyectos/PersoRegFrontEnd
54 error node -v v0.10.37
55 error npm -v 1.4.28
56 error path /home/raultr-hp/.npm/uglify-js/2.4.23
57 error code EACCES
58 error errno 3
59 error stack Error: EACCES, mkdir '/home/raultr-hp/.npm/uglify-js/2.4.23'
60 verbose exit [ 3, true ]
